<?xml version="1.0" encoding="UTF-8"?>
<testng-results ignored="0" total="1" passed="1" failed="0" skipped="0">
  <reporter-output>
  </reporter-output>
  <suite started-at="2025-08-04T15:51:56 IST" name="Ecommerce Tests" finished-at="2025-08-04T15:52:01 IST" duration-ms="4756">
    <groups>
    </groups>
    <test started-at="2025-08-04T15:51:56 IST" name="LoginTest" finished-at="2025-08-04T15:52:01 IST" duration-ms="4756">
      <class name="com.ecommerce.testing.LoginTest">
        <test-method signature="testLogin()[pri:0, instance:com.ecommerce.testing.LoginTest@1a942c18]" started-at="2025-08-04T15:51:56 IST" name="testLogin" finished-at="2025-08-04T15:52:01 IST" duration-ms="4702" status="PASS">
          <reporter-output>
          </reporter-output>
        </test-method> <!-- testLogin -->
      </class> <!-- com.ecommerce.testing.LoginTest -->
    </test> <!-- LoginTest -->
  </suite> <!-- Ecommerce Tests -->
</testng-results>
